2024-03-13T21:07:42.330899
## URI ##
/admin

## HEADERS ##
user-agent: Mozilla/5.0 (Macintosh; Intel Mac OS X 10_15_7) AppleWebKit/537.36 (KHTML, like Gecko) Chrome/122.0.0.0 Safari/537.36
connection: keep-alive
accept: text/html,application/xhtml+xml,application/xml;q=0.9,image/avif,image/webp,image/apng,*/*;q=0.8,application/signed-exchange;v=b3;q=0.7
accept-language: tr-TR,tr;q=0.9,en-US;q=0.8,en;q=0.7
accept-encoding: gzip, deflate
dnt: 1
host: 0.0.0.0:9080
upgrade-insecure-requests: 1

## CONNECTION INFO ##
IP: 127.0.0.1
PORT: 62705

Bad state: StreamSink is closed
#0      _StreamSinkImpl.add (dart:_http/http_impl.dart:915:7)
#1      _IOSinkImpl.write (dart:_http/http_impl.dart:1061:11)
#2      _HttpOutboundMessage.write (dart:_http/http_impl.dart:1168:11)
#3      adminRoute.<anonymous closure> (file:///Users/gece/Projects/lite_server/example/routes/home.dart:19:22)
#4      LiteServer.requestHandler (package:lite_server/lite_server.dart:177:36)
<asynchronous suspension>

------------------------------------------------------------------------------------------------------------------------2024-03-13T21:15:06.093995
## URI ##
/admin

## HEADERS ##
user-agent: Mozilla/5.0 (Macintosh; Intel Mac OS X 10_15_7) AppleWebKit/537.36 (KHTML, like Gecko) Chrome/122.0.0.0 Safari/537.36
connection: keep-alive
accept: text/html,application/xhtml+xml,application/xml;q=0.9,image/avif,image/webp,image/apng,*/*;q=0.8,application/signed-exchange;v=b3;q=0.7
accept-language: tr-TR,tr;q=0.9,en-US;q=0.8,en;q=0.7
accept-encoding: gzip, deflate
dnt: 1
host: 0.0.0.0:9080
upgrade-insecure-requests: 1

## CONNECTION INFO ##
IP: 127.0.0.1
PORT: 62865

Bad state: StreamSink is closed
#0      _StreamSinkImpl.add (dart:_http/http_impl.dart:915:7)
#1      _IOSinkImpl.write (dart:_http/http_impl.dart:1061:11)
#2      _HttpOutboundMessage.write (dart:_http/http_impl.dart:1168:11)
#3      adminRoute.<anonymous closure> (file:///Users/gece/Projects/lite_server/example/routes/home.dart:19:22)
#4      LiteServer.requestHandler (package:lite_server/lite_server.dart:177:36)
<asynchronous suspension>

------------------------------------------------------------------------------------------------------------------------