2024-03-13T21:07:39.649400
## URI ##
/

## HEADERS ##
user-agent: Mozilla/5.0 (Macintosh; Intel Mac OS X 10_15_7) AppleWebKit/537.36 (KHTML, like Gecko) Chrome/122.0.0.0 Safari/537.36
connection: keep-alive
cache-control: max-age=0
accept: text/html,application/xhtml+xml,application/xml;q=0.9,image/avif,image/webp,image/apng,*/*;q=0.8,application/signed-exchange;v=b3;q=0.7
accept-language: tr-TR,tr;q=0.9,en-US;q=0.8,en;q=0.7
accept-encoding: gzip, deflate
dnt: 1
host: 0.0.0.0:9080
upgrade-insecure-requests: 1

## CONNECTION INFO ##
IP: 127.0.0.1
PORT: 62705

------------------------------------------------------------------------------------------------------------------------2024-03-13T21:07:40.251029
## URI ##
/

## HEADERS ##
user-agent: Mozilla/5.0 (Macintosh; Intel Mac OS X 10_15_7) AppleWebKit/537.36 (KHTML, like Gecko) Chrome/122.0.0.0 Safari/537.36
connection: keep-alive
cache-control: max-age=0
accept: text/html,application/xhtml+xml,application/xml;q=0.9,image/avif,image/webp,image/apng,*/*;q=0.8,application/signed-exchange;v=b3;q=0.7
accept-language: tr-TR,tr;q=0.9,en-US;q=0.8,en;q=0.7
accept-encoding: gzip, deflate
dnt: 1
host: 0.0.0.0:9080
upgrade-insecure-requests: 1

## CONNECTION INFO ##
IP: 127.0.0.1
PORT: 62705

------------------------------------------------------------------------------------------------------------------------2024-03-13T21:07:40.412144
## URI ##
/

## HEADERS ##
user-agent: Mozilla/5.0 (Macintosh; Intel Mac OS X 10_15_7) AppleWebKit/537.36 (KHTML, like Gecko) Chrome/122.0.0.0 Safari/537.36
connection: keep-alive
cache-control: max-age=0
accept: text/html,application/xhtml+xml,application/xml;q=0.9,image/avif,image/webp,image/apng,*/*;q=0.8,application/signed-exchange;v=b3;q=0.7
accept-language: tr-TR,tr;q=0.9,en-US;q=0.8,en;q=0.7
accept-encoding: gzip, deflate
dnt: 1
host: 0.0.0.0:9080
upgrade-insecure-requests: 1

## CONNECTION INFO ##
IP: 127.0.0.1
PORT: 62705

------------------------------------------------------------------------------------------------------------------------2024-03-13T21:07:40.592070
## URI ##
/

## HEADERS ##
user-agent: Mozilla/5.0 (Macintosh; Intel Mac OS X 10_15_7) AppleWebKit/537.36 (KHTML, like Gecko) Chrome/122.0.0.0 Safari/537.36
connection: keep-alive
cache-control: max-age=0
accept: text/html,application/xhtml+xml,application/xml;q=0.9,image/avif,image/webp,image/apng,*/*;q=0.8,application/signed-exchange;v=b3;q=0.7
accept-language: tr-TR,tr;q=0.9,en-US;q=0.8,en;q=0.7
accept-encoding: gzip, deflate
dnt: 1
host: 0.0.0.0:9080
upgrade-insecure-requests: 1

## CONNECTION INFO ##
IP: 127.0.0.1
PORT: 62705

------------------------------------------------------------------------------------------------------------------------2024-03-13T21:07:42.330309
## URI ##
/admin

## HEADERS ##
user-agent: Mozilla/5.0 (Macintosh; Intel Mac OS X 10_15_7) AppleWebKit/537.36 (KHTML, like Gecko) Chrome/122.0.0.0 Safari/537.36
connection: keep-alive
accept: text/html,application/xhtml+xml,application/xml;q=0.9,image/avif,image/webp,image/apng,*/*;q=0.8,application/signed-exchange;v=b3;q=0.7
accept-language: tr-TR,tr;q=0.9,en-US;q=0.8,en;q=0.7
accept-encoding: gzip, deflate
dnt: 1
host: 0.0.0.0:9080
upgrade-insecure-requests: 1

## CONNECTION INFO ##
IP: 127.0.0.1
PORT: 62705

------------------------------------------------------------------------------------------------------------------------2024-03-13T21:07:45.321411
## URI ##
/

## HEADERS ##
user-agent: Mozilla/5.0 (Macintosh; Intel Mac OS X 10_15_7) AppleWebKit/537.36 (KHTML, like Gecko) Chrome/122.0.0.0 Safari/537.36
connection: keep-alive
accept: text/html,application/xhtml+xml,application/xml;q=0.9,image/avif,image/webp,image/apng,*/*;q=0.8,application/signed-exchange;v=b3;q=0.7
accept-language: tr-TR,tr;q=0.9,en-US;q=0.8,en;q=0.7
accept-encoding: gzip, deflate
dnt: 1
host: 0.0.0.0:9080
upgrade-insecure-requests: 1

## CONNECTION INFO ##
IP: 127.0.0.1
PORT: 62705

------------------------------------------------------------------------------------------------------------------------2024-03-13T21:07:49.934686
## URI ##
/

## HEADERS ##
user-agent: Mozilla/5.0 (Macintosh; Intel Mac OS X 10_15_7) AppleWebKit/537.36 (KHTML, like Gecko) Chrome/122.0.0.0 Safari/537.36
connection: keep-alive
cache-control: max-age=0
accept: text/html,application/xhtml+xml,application/xml;q=0.9,image/avif,image/webp,image/apng,*/*;q=0.8,application/signed-exchange;v=b3;q=0.7
accept-language: tr-TR,tr;q=0.9,en-US;q=0.8,en;q=0.7
accept-encoding: gzip, deflate
dnt: 1
host: 0.0.0.0:9080
upgrade-insecure-requests: 1

## CONNECTION INFO ##
IP: 127.0.0.1
PORT: 62705

------------------------------------------------------------------------------------------------------------------------2024-03-13T21:07:50.112852
## URI ##
/

## HEADERS ##
user-agent: Mozilla/5.0 (Macintosh; Intel Mac OS X 10_15_7) AppleWebKit/537.36 (KHTML, like Gecko) Chrome/122.0.0.0 Safari/537.36
connection: keep-alive
cache-control: max-age=0
accept: text/html,application/xhtml+xml,application/xml;q=0.9,image/avif,image/webp,image/apng,*/*;q=0.8,application/signed-exchange;v=b3;q=0.7
accept-language: tr-TR,tr;q=0.9,en-US;q=0.8,en;q=0.7
accept-encoding: gzip, deflate
dnt: 1
host: 0.0.0.0:9080
upgrade-insecure-requests: 1

## CONNECTION INFO ##
IP: 127.0.0.1
PORT: 62705

------------------------------------------------------------------------------------------------------------------------2024-03-13T21:07:50.351984
## URI ##
/

## HEADERS ##
user-agent: Mozilla/5.0 (Macintosh; Intel Mac OS X 10_15_7) AppleWebKit/537.36 (KHTML, like Gecko) Chrome/122.0.0.0 Safari/537.36
connection: keep-alive
cache-control: max-age=0
accept: text/html,application/xhtml+xml,application/xml;q=0.9,image/avif,image/webp,image/apng,*/*;q=0.8,application/signed-exchange;v=b3;q=0.7
accept-language: tr-TR,tr;q=0.9,en-US;q=0.8,en;q=0.7
accept-encoding: gzip, deflate
dnt: 1
host: 0.0.0.0:9080
upgrade-insecure-requests: 1

## CONNECTION INFO ##
IP: 127.0.0.1
PORT: 62705

------------------------------------------------------------------------------------------------------------------------2024-03-13T21:15:06.090118
## URI ##
/admin

## HEADERS ##
user-agent: Mozilla/5.0 (Macintosh; Intel Mac OS X 10_15_7) AppleWebKit/537.36 (KHTML, like Gecko) Chrome/122.0.0.0 Safari/537.36
connection: keep-alive
accept: text/html,application/xhtml+xml,application/xml;q=0.9,image/avif,image/webp,image/apng,*/*;q=0.8,application/signed-exchange;v=b3;q=0.7
accept-language: tr-TR,tr;q=0.9,en-US;q=0.8,en;q=0.7
accept-encoding: gzip, deflate
dnt: 1
host: 0.0.0.0:9080
upgrade-insecure-requests: 1

## CONNECTION INFO ##
IP: 127.0.0.1
PORT: 62865

------------------------------------------------------------------------------------------------------------------------